#
# A fatal error has been detected by the Java Runtime Environment:
#
#  Internal Error (javaClasses.cpp:127), pid=7428, tid=6752
#  fatal error: Invalid layout of preloaded class
#
# JRE version:  (8.0_45-b15) (build )
# Java VM: Java HotSpot(TM) 64-Bit Server VM (25.45-b02 mixed mode windows-amd64 compressed oops)
# Failed to write core dump. Minidumps are not enabled by default on client versions of Windows
#
# If you would like to submit a bug report, please visit:
#   http://bugreport.java.com/bugreport/crash.jsp
#

---------------  T H R E A D  ---------------

Current thread (0x0000000002b70800):  JavaThread "Unknown thread" [_thread_in_vm, id=6752, stack(0x00000000026b0000,0x00000000027b0000)]

Stack: [0x00000000026b0000,0x00000000027b0000]
Native frames: (J=compiled Java code, j=interpreted, Vv=VM code, C=native code)
V  [jvm.dll+0x32b57a]
V  [jvm.dll+0x279873]
V  [jvm.dll+0x27a509]
V  [jvm.dll+0x2717a6]
V  [jvm.dll+0x68183]
V  [jvm.dll+0x68273]
V  [jvm.dll+0x7d74a]
V  [jvm.dll+0x7dab6]
V  [jvm.dll+0xf2157]
V  [jvm.dll+0xf24e6]
V  [jvm.dll+0x20f097]
V  [jvm.dll+0x240e0a]
V  [jvm.dll+0x15ba41]
C  [javaw.exe+0x217e]
C  [javaw.exe+0xcd17]
C  [javaw.exe+0xcdab]
C  [KERNEL32.DLL+0x16ad]
C  [ntdll.dll+0x15444]


---------------  P R O C E S S  ---------------

Java Threads: ( => current thread )

Other Threads:

=>0x0000000002b70800 (exited) JavaThread "Unknown thread" [_thread_in_vm, id=6752, stack(0x00000000026b0000,0x00000000027b0000)]

VM state:not at safepoint (not fully initialized)

VM Mutex/Monitor currently owned by a thread: None

GC Heap History (0 events):
No events

Deoptimization events (0 events):
No events

Internal exceptions (0 events):
No events

Events (10 events):
Event: 0.039 loading class java/lang/CharSequence done
Event: 0.040 loading class java/lang/String done
Event: 0.040 loading class java/lang/Class
Event: 0.040 loading class java/lang/reflect/AnnotatedElement
Event: 0.040 loading class java/lang/reflect/AnnotatedElement done
Event: 0.040 loading class java/lang/reflect/GenericDeclaration
Event: 0.041 loading class java/lang/reflect/GenericDeclaration done
Event: 0.041 loading class java/lang/reflect/Type
Event: 0.041 loading class java/lang/reflect/Type done
Event: 0.041 loading class java/lang/Class done


Dynamic libraries:
0x00007ff6b7420000 - 0x00007ff6b7457000 	C:\Program Files\Java\jre1.8.0_45\bin\javaw.exe
0x00007ffef0860000 - 0x00007ffef0a0c000 	C:\Windows\SYSTEM32\ntdll.dll
0x00007ffeee860000 - 0x00007ffeee99a000 	C:\Windows\system32\KERNEL32.DLL
0x00007ffeedbc0000 - 0x00007ffeedccf000 	C:\Windows\system32\KERNELBASE.dll
0x00007ffeec6a0000 - 0x00007ffeec728000 	C:\Windows\system32\apphelp.dll
0x00007ffedfa50000 - 0x00007ffedfa9f000 	C:\Windows\AppPatch\AppPatch64\AcGenral.DLL
0x00007ffeee030000 - 0x00007ffeee0d7000 	C:\Windows\system32\msvcrt.dll
0x00007ffeed8e0000 - 0x00007ffeed90b000 	C:\Windows\SYSTEM32\SspiCli.dll
0x00007ffeee6b0000 - 0x00007ffeee701000 	C:\Windows\system32\SHLWAPI.dll
0x00007ffef06e0000 - 0x00007ffef0851000 	C:\Windows\system32\USER32.dll
0x00007ffeee1f0000 - 0x00007ffeee368000 	C:\Windows\system32\ole32.dll
0x00007ffeeedf0000 - 0x00007ffef0308000 	C:\Windows\system32\SHELL32.dll
0x00007ffeed380000 - 0x00007ffeed39e000 	C:\Windows\SYSTEM32\USERENV.dll
0x00007ffeeea00000 - 0x00007ffeeeaa5000 	C:\Windows\system32\ADVAPI32.dll
0x00007ffee4730000 - 0x00007ffee474b000 	C:\Windows\SYSTEM32\MPR.dll
0x00007ffef05a0000 - 0x00007ffef06d7000 	C:\Windows\system32\RPCRT4.dll
0x00007ffeee180000 - 0x00007ffeee1d9000 	C:\Windows\SYSTEM32\sechost.dll
0x00007ffef0310000 - 0x00007ffef04e6000 	C:\Windows\SYSTEM32\combase.dll
0x00007ffeee710000 - 0x00007ffeee854000 	C:\Windows\system32\GDI32.dll
0x00007ffeedaa0000 - 0x00007ffeedab4000 	C:\Windows\SYSTEM32\profapi.dll
0x00007ffeebf30000 - 0x00007ffeebfcf000 	C:\Windows\SYSTEM32\SHCORE.dll
0x00007ffeee4d0000 - 0x00007ffeee504000 	C:\Windows\system32\IMM32.DLL
0x00007ffeee370000 - 0x00007ffeee4c1000 	C:\Windows\system32\MSCTF.dll
0x00007ffeeb520000 - 0x00007ffeeb79b000 	C:\Windows\WinSxS\amd64_microsoft.windows.common-controls_6595b64144ccf1df_6.0.9600.17784_none_624760d1ecb7236e\COMCTL32.dll
0x00000000656e0000 - 0x00000000657b2000 	C:\Program Files\Java\jre1.8.0_45\bin\msvcr100.dll
0x00000000658c0000 - 0x0000000066143000 	C:\Program Files\Java\jre1.8.0_45\bin\server\jvm.dll
0x00007ffeea5a0000 - 0x00007ffeea5a9000 	C:\Windows\SYSTEM32\WSOCK32.dll
0x00007ffee6910000 - 0x00007ffee692f000 	C:\Windows\SYSTEM32\WINMM.dll
0x00007ffee7030000 - 0x00007ffee703a000 	C:\Windows\SYSTEM32\VERSION.dll
0x00007ffeeeab0000 - 0x00007ffeeeab7000 	C:\Windows\system32\PSAPI.DLL
0x00007ffeedfd0000 - 0x00007ffeee028000 	C:\Windows\system32\WS2_32.dll
0x00007ffee68a0000 - 0x00007ffee68ca000 	C:\Windows\SYSTEM32\WINMMBASE.dll
0x00007ffeeeb20000 - 0x00007ffeeeb29000 	C:\Windows\system32\NSI.dll
0x00007ffeedf60000 - 0x00007ffeedfaa000 	C:\Windows\SYSTEM32\cfgmgr32.dll
0x00007ffeec900000 - 0x00007ffeec926000 	C:\Windows\SYSTEM32\DEVOBJ.dll
0x00000000658b0000 - 0x00000000658bf000 	C:\Program Files\Java\jre1.8.0_45\bin\verify.dll
0x0000000065880000 - 0x00000000658a9000 	C:\Program Files\Java\jre1.8.0_45\bin\java.dll
0x0000000065860000 - 0x0000000065876000 	C:\Program Files\Java\jre1.8.0_45\bin\zip.dll
0x00007ffee38b0000 - 0x00007ffee3a38000 	C:\Windows\SYSTEM32\dbghelp.dll

VM Arguments:
jvm_args: -ea -Dfile.encoding=MS949 -Xbootclasspath:C:\Users\VIZIO\android-sdks\platforms\android-22\android.jar 
java_command: org.eclipse.jdt.internal.junit.runner.RemoteTestRunner -version 3 -port 51001 -testLoaderClass org.eclipse.jdt.internal.junit.runner.junit3.JUnit3TestLoader -loaderpluginname org.eclipse.jdt.junit.runtime -classNames com.kristopher.restaurantmanager.NodeTest
java_class_path (initial): C:\Users\VIZIO\workspace\RestaurantManager\bin\classes;C:\Users\VIZIO\workspace\Sofia-Support\libs\sofia-with-dependencies.jar;C:\Users\VIZIO\workspace\appcompat_v7\bin\appcompat_v7.jar;C:\Users\VIZIO\workspace\Sofia-Support\bin\sofia-support.jar;C:\Users\VIZIO\Documents\잡다\eclipse\plugins\org.junit_4.11.0.v201303080030\junit.jar;C:\Users\VIZIO\workspace\Sofia-Support\bin\classes;/C:/Users/VIZIO/Documents/잡다/eclipse/configuration/org.eclipse.osgi/205/0/.cp/
Launcher Type: SUN_STANDARD

Environment Variables:
PATH=C:/Program Files/Java/jre1.8.0_45/bin/server;C:/Program Files/Java/jre1.8.0_45/bin;C:/Program Files/Java/jre1.8.0_45/lib/amd64;C:\ProgramData\Oracle\Java\javapath;C:\Windows\system32;C:\Windows;C:\Windows\System32\Wbem;C:\Windows\System32\WindowsPowerShell\v1.0\;C:\Program Files (x86)\Windows Kits\8.1\Windows Performance Toolkit\;C:\Program Files\Microsoft SQL Server\110\Tools\Binn\;C:\Program Files (x86)\Microsoft SDKs\TypeScript\1.0\;C:\Program Files\Microsoft SQL Server\120\Tools\Binn\;C:\Program Files (x86)\PharosSystems\Core;C:\Users\VIZIO\Documents\잡다\eclipse;
USERNAME=Kristopher Ha Jung
OS=Windows_NT
PROCESSOR_IDENTIFIER=Intel64 Family 6 Model 58 Stepping 9, GenuineIntel



---------------  S Y S T E M  ---------------

OS: Windows 8.1 , 64 bit Build 9600 (6.3.9600.17056)

CPU:total 4 (2 cores per cpu, 2 threads per core) family 6 model 58 stepping 9, cmov, cx8, fxsr, mmx, sse, sse2, sse3, ssse3, sse4.1, sse4.2, popcnt, avx, clmul, erms, ht, tsc, tscinvbit, tscinv

Memory: 4k page, physical 4081564k(1714288k free), swap 6740948k(3401248k free)

vm_info: Java HotSpot(TM) 64-Bit Server VM (25.45-b02) for windows-amd64 JRE (1.8.0_45-b15), built on Apr 30 2015 12:40:44 by "java_re" with MS VC++ 10.0 (VS2010)

time: Wed Jun 24 21:05:52 2015
elapsed time: 0 seconds (0d 0h 0m 0s)

